Array
(
    [m_payment_id] => 
    [pf_payment_id] => 2279420
    [payment_status] => COMPLETE
    [item_name] => Fraud
    [item_description] => Defense Resonse
    [amount_gross] => 4000.00
    [amount_fee] => -92.00
    [amount_net] => 3908.00
    [custom_str1] => 
    [custom_str2] => 
    [custom_str3] => 
    [custom_str4] => 
    [custom_str5] => 
    [custom_int1] => 
    [custom_int2] => 
    [custom_int3] => 
    [custom_int4] => 
    [custom_int5] => 
    [name_first] => Kondwani
    [name_last] => Tshuma
    [email_address] => KondwaniTshuma@gmail.com
    [merchant_id] => 10035315
    [signature] => babb1b864623432873eb52afe693e8a0
)
Array
(
    [m_payment_id] => 
    [pf_payment_id] => 2279661
    [payment_status] => COMPLETE
    [item_name] => Abuse
    [item_description] => Defense Resonse
    [amount_gross] => 800.00
    [amount_fee] => -18.40
    [amount_net] => 781.60
    [custom_str1] => 
    [custom_str2] => 
    [custom_str3] => 
    [custom_str4] => 
    [custom_str5] => 
    [custom_int1] => 
    [custom_int2] => 
    [custom_int3] => 
    [custom_int4] => 
    [custom_int5] => 
    [name_first] => Kondwani
    [name_last] => Tshuma
    [email_address] => KondwaniTshuma@gmail.com
    [merchant_id] => 10035315
    [signature] => b3738fadda8636a9a920352a15805cc0
)
Array
(
    [m_payment_id] => 
    [pf_payment_id] => 2290811
    [payment_status] => COMPLETE
    [item_name] => N/A
    [item_description] => Advice
    [amount_gross] => 800.00
    [amount_fee] => -18.40
    [amount_net] => 781.60
    [custom_str1] => 
    [custom_str2] => 
    [custom_str3] => 
    [custom_str4] => 
    [custom_str5] => 
    [custom_int1] => 
    [custom_int2] => 
    [custom_int3] => 
    [custom_int4] => 
    [custom_int5] => 
    [name_first] => liezelle
    [name_last] => mmako
    [email_address] => liezellemoremadi@gmail.com
    [merchant_id] => 10035315
    [signature] => b4af74f94a6731f6ecf2c87688ef69b8
)
Array
(
    [m_payment_id] => 
    [pf_payment_id] => 2296239
    [payment_status] => COMPLETE
    [item_name] => Fraud
    [item_description] => Defense Resonse
    [amount_gross] => 750.00
    [amount_fee] => -17.25
    [amount_net] => 732.75
    [custom_str1] => 
    [custom_str2] => 
    [custom_str3] => 
    [custom_str4] => 
    [custom_str5] => 
    [custom_int1] => 
    [custom_int2] => 
    [custom_int3] => 
    [custom_int4] => 
    [custom_int5] => 
    [name_first] => Kondwani
    [name_last] => Tshuma
    [email_address] => md.2022.b7j6z5@vossie.net
    [merchant_id] => 10035315
    [signature] => 4a802615cf57437f5889c8515022a264
)
Array
(
    [m_payment_id] => 
    [pf_payment_id] => 2296242
    [payment_status] => COMPLETE
    [item_name] => Suspicion of wasteful resources
    [item_description] => Defense Resonse
    [amount_gross] => 240.00
    [amount_fee] => -5.52
    [amount_net] => 234.48
    [custom_str1] => 
    [custom_str2] => 
    [custom_str3] => 
    [custom_str4] => 
    [custom_str5] => 
    [custom_int1] => 
    [custom_int2] => 
    [custom_int3] => 
    [custom_int4] => 
    [custom_int5] => 
    [name_first] => Kondwani
    [name_last] => Tshuma
    [email_address] => md.2022.b7j6z5@vossie.net
    [merchant_id] => 10035315
    [signature] => e811257cf2402cb3f21b5fc2f7931685
)
Array
(
    [m_payment_id] => 
    [pf_payment_id] => 2296243
    [payment_status] => COMPLETE
    [item_name] => Suspicion of wasteful resources
    [item_description] => Defense Resonse
    [amount_gross] => 240.00
    [amount_fee] => -5.52
    [amount_net] => 234.48
    [custom_str1] => 
    [custom_str2] => 
    [custom_str3] => 
    [custom_str4] => 
    [custom_str5] => 
    [custom_int1] => 
    [custom_int2] => 
    [custom_int3] => 
    [custom_int4] => 
    [custom_int5] => 
    [name_first] => Kondwani
    [name_last] => Tshuma
    [email_address] => md.2022.b7j6z5@vossie.net
    [merchant_id] => 10035315
    [signature] => 7c0b3aa50fa3944c5aae5061a2866894
)
Array
(
    [m_payment_id] => 
    [pf_payment_id] => 2296248
    [payment_status] => COMPLETE
    [item_name] => Fraud
    [item_description] => Defense Resonse
    [amount_gross] => 750.00
    [amount_fee] => -17.25
    [amount_net] => 732.75
    [custom_str1] => 
    [custom_str2] => 
    [custom_str3] => 
    [custom_str4] => 
    [custom_str5] => 
    [custom_int1] => 
    [custom_int2] => 
    [custom_int3] => 
    [custom_int4] => 
    [custom_int5] => 
    [name_first] => Kondwani
    [name_last] => Tshuma
    [email_address] => KondwaniTshuma@gmail.com
    [merchant_id] => 10035315
    [signature] => dd312a36245a72bf66012928013181d5
)
Array
(
    [m_payment_id] => 
    [pf_payment_id] => 2296254
    [payment_status] => COMPLETE
    [item_name] => Suspicion of wasteful resources
    [item_description] => Defense Resonse
    [amount_gross] => 240.00
    [amount_fee] => -5.52
    [amount_net] => 234.48
    [custom_str1] => 
    [custom_str2] => 
    [custom_str3] => 
    [custom_str4] => 
    [custom_str5] => 
    [custom_int1] => 
    [custom_int2] => 
    [custom_int3] => 
    [custom_int4] => 
    [custom_int5] => 
    [name_first] => Kondwani
    [name_last] => Tshuma
    [email_address] => KondwaniTshuma@gmail.com
    [merchant_id] => 10035315
    [signature] => 905635645b4a333f48aae26a489f060e
)
Array
(
    [m_payment_id] => 
    [pf_payment_id] => 2296256
    [payment_status] => COMPLETE
    [item_name] => Fraud
    [item_description] => Defense Resonse
    [amount_gross] => 750.00
    [amount_fee] => -17.25
    [amount_net] => 732.75
    [custom_str1] => 
    [custom_str2] => 
    [custom_str3] => 
    [custom_str4] => 
    [custom_str5] => 
    [custom_int1] => 
    [custom_int2] => 
    [custom_int3] => 
    [custom_int4] => 
    [custom_int5] => 
    [name_first] => Kondwani
    [name_last] => Tshuma
    [email_address] => md.2022.b7j6z5@vossie.net
    [merchant_id] => 10035315
    [signature] => decea5eb0bd37dd855d0add53796e06c
)
Array
(
    [m_payment_id] => 
    [pf_payment_id] => 2296266
    [payment_status] => COMPLETE
    [item_name] => Suspicion of wasteful resources
    [item_description] => Defense Resonse
    [amount_gross] => 240.00
    [amount_fee] => -5.52
    [amount_net] => 234.48
    [custom_str1] => 
    [custom_str2] => 
    [custom_str3] => 
    [custom_str4] => 
    [custom_str5] => 
    [custom_int1] => 
    [custom_int2] => 
    [custom_int3] => 
    [custom_int4] => 
    [custom_int5] => 
    [name_first] => Kondwani
    [name_last] => Tshuma
    [email_address] => md.2022.b7j6z5@vossie.net
    [merchant_id] => 10035315
    [signature] => c004bfea3b006205aadccfb06c0cbe5d
)
Array
(
    [m_payment_id] => 
    [pf_payment_id] => 2296284
    [payment_status] => COMPLETE
    [item_name] => Fraud
    [item_description] => Defense Resonse
    [amount_gross] => 750.00
    [amount_fee] => -17.25
    [amount_net] => 732.75
    [custom_str1] => 
    [custom_str2] => 
    [custom_str3] => 
    [custom_str4] => 
    [custom_str5] => 
    [custom_int1] => 
    [custom_int2] => 
    [custom_int3] => 
    [custom_int4] => 
    [custom_int5] => 
    [name_first] => Kondwani
    [name_last] => Tshuma
    [email_address] => ktSilver2001@outlook.com
    [merchant_id] => 10035315
    [signature] => 4d104eece5ecb26061fd7263714aacf3
)
Array
(
    [m_payment_id] => 
    [pf_payment_id] => 2296308
    [payment_status] => COMPLETE
    [item_name] => Suspicion of wasteful resources
    [item_description] => Advice
    [amount_gross] => 240.00
    [amount_fee] => -5.52
    [amount_net] => 234.48
    [custom_str1] => 
    [custom_str2] => 
    [custom_str3] => 
    [custom_str4] => 
    [custom_str5] => 
    [custom_int1] => 
    [custom_int2] => 
    [custom_int3] => 
    [custom_int4] => 
    [custom_int5] => 
    [name_first] => Kondwani
    [name_last] => Tshuma
    [email_address] => md.2022.b7j6z5@vossie.net
    [merchant_id] => 10035315
    [signature] => c17da4db848b290006b825f3092aef36
)
Array
(
    [m_payment_id] => 
    [pf_payment_id] => 2296316
    [payment_status] => COMPLETE
    [item_name] => Fraud
    [item_description] => Advice
    [amount_gross] => 750.00
    [amount_fee] => -17.25
    [amount_net] => 732.75
    [custom_str1] => 
    [custom_str2] => 
    [custom_str3] => 
    [custom_str4] => 
    [custom_str5] => 
    [custom_int1] => 
    [custom_int2] => 
    [custom_int3] => 
    [custom_int4] => 
    [custom_int5] => 
    [name_first] => Kondwani
    [name_last] => Tshuma
    [email_address] => md.2022.b7j6z5@vossie.net
    [merchant_id] => 10035315
    [signature] => a864ceeafb0f495eb0d780cd8e76cbea
)
Array
(
    [m_payment_id] => 
    [pf_payment_id] => 2297697
    [payment_status] => COMPLETE
    [item_name] => Suspicion of wasteful resources
    [item_description] => Defense Resonse
    [amount_gross] => 240.00
    [amount_fee] => -5.52
    [amount_net] => 234.48
    [custom_str1] => 
    [custom_str2] => 
    [custom_str3] => 
    [custom_str4] => 
    [custom_str5] => 
    [custom_int1] => 
    [custom_int2] => 
    [custom_int3] => 
    [custom_int4] => 
    [custom_int5] => 
    [name_first] => Kondwani
    [name_last] => Tshuma
    [email_address] => md.2022.b7j6z5@vossie.net
    [merchant_id] => 10035315
    [signature] => f50aaff9cf74b2ad01b4aaff078d4c14
)
Array
(
    [m_payment_id] => 
    [pf_payment_id] => 2297702
    [payment_status] => COMPLETE
    [item_name] => Suspicion of wasteful resources
    [item_description] => Defense Resonse
    [amount_gross] => 240.00
    [amount_fee] => -5.52
    [amount_net] => 234.48
    [custom_str1] => 
    [custom_str2] => 
    [custom_str3] => 
    [custom_str4] => 
    [custom_str5] => 
    [custom_int1] => 
    [custom_int2] => 
    [custom_int3] => 
    [custom_int4] => 
    [custom_int5] => 
    [name_first] => Kondwani
    [name_last] => Tshuma
    [email_address] => KondwaniTshuma@gmail.com
    [merchant_id] => 10035315
    [signature] => 46744b8b84f5030ffb679148955bf471
)
Array
(
    [m_payment_id] => 
    [pf_payment_id] => 2297821
    [payment_status] => COMPLETE
    [item_name] => Suspicion of wasteful resources
    [item_description] => Defense Resonse
    [amount_gross] => 240.00
    [amount_fee] => -5.52
    [amount_net] => 234.48
    [custom_str1] => 
    [custom_str2] => 
    [custom_str3] => 
    [custom_str4] => 
    [custom_str5] => 
    [custom_int1] => 
    [custom_int2] => 
    [custom_int3] => 
    [custom_int4] => 
    [custom_int5] => 
    [name_first] => Kondwani
    [name_last] => Tshuma
    [email_address] => KondwaniTshuma@gmail.com
    [merchant_id] => 10035315
    [signature] => 4e8850a0f40f49fa8d4af6a6a6569231
)
Array
(
    [m_payment_id] => 
    [pf_payment_id] => 2297894
    [payment_status] => COMPLETE
    [item_name] => Fraud
    [item_description] => Defense Resonse
    [amount_gross] => 750.00
    [amount_fee] => -17.25
    [amount_net] => 732.75
    [custom_str1] => 
    [custom_str2] => 
    [custom_str3] => 
    [custom_str4] => 
    [custom_str5] => 
    [custom_int1] => 
    [custom_int2] => 
    [custom_int3] => 
    [custom_int4] => 
    [custom_int5] => 
    [name_first] => Kondwani
    [name_last] => Tshuma
    [email_address] => KondwaniTshuma@gmail.com
    [merchant_id] => 10035315
    [signature] => 2b13accbfa0c3bd5ef5007b7dfa0ce18
)
Array
(
    [m_payment_id] => 
    [pf_payment_id] => 2298715
    [payment_status] => COMPLETE
    [item_name] => Suspicion of wasteful resources
    [item_description] => Advice
    [amount_gross] => 240.00
    [amount_fee] => -5.52
    [amount_net] => 234.48
    [custom_str1] => 
    [custom_str2] => 
    [custom_str3] => 
    [custom_str4] => 
    [custom_str5] => 
    [custom_int1] => 
    [custom_int2] => 
    [custom_int3] => 
    [custom_int4] => 
    [custom_int5] => 
    [name_first] => AM
    [name_last] => aya
    [email_address] => ayathinks@gmail.com
    [merchant_id] => 10035315
    [signature] => ffcba772476a718c8d6f26466955cfc7
)
Array
(
    [m_payment_id] => 
    [pf_payment_id] => 2298718
    [payment_status] => COMPLETE
    [item_name] => Suspicion of wasteful resources
    [item_description] => Defense Resonse
    [amount_gross] => 240.00
    [amount_fee] => -5.52
    [amount_net] => 234.48
    [custom_str1] => 
    [custom_str2] => 
    [custom_str3] => 
    [custom_str4] => 
    [custom_str5] => 
    [custom_int1] => 
    [custom_int2] => 
    [custom_int3] => 
    [custom_int4] => 
    [custom_int5] => 
    [name_first] => Liezelle
    [name_last] => Mmako
    [email_address] => liezellemoremadi@gmail.com
    [merchant_id] => 10035315
    [signature] => f8105211b508cde5795d30bbbbd719d3
)
Array
(
    [m_payment_id] => 
    [pf_payment_id] => 2298916
    [payment_status] => COMPLETE
    [item_name] => Suspicion of wasteful resources
    [item_description] => Defense Resonse
    [amount_gross] => 240.00
    [amount_fee] => -5.52
    [amount_net] => 234.48
    [custom_str1] => 
    [custom_str2] => 
    [custom_str3] => 
    [custom_str4] => 
    [custom_str5] => 
    [custom_int1] => 
    [custom_int2] => 
    [custom_int3] => 
    [custom_int4] => 
    [custom_int5] => 
    [name_first] => Kondwani
    [name_last] => Tshuma
    [email_address] => KondwaniTshuma@gmail.com
    [merchant_id] => 10035315
    [signature] => 22650d644a882806323c304453a76d0e
)
Array
(
    [m_payment_id] => 
    [pf_payment_id] => 2299378
    [payment_status] => COMPLETE
    [item_name] => Suspicion of wasteful resources
    [item_description] => Defense Resonse
    [amount_gross] => 240.00
    [amount_fee] => -5.52
    [amount_net] => 234.48
    [custom_str1] => 
    [custom_str2] => 
    [custom_str3] => 
    [custom_str4] => 
    [custom_str5] => 
    [custom_int1] => 
    [custom_int2] => 
    [custom_int3] => 
    [custom_int4] => 
    [custom_int5] => 
    [name_first] => Kondwani
    [name_last] => Tshuma
    [email_address] => KondwaniTshuma@gmail.com
    [merchant_id] => 10035315
    [signature] => 68ce873d63db036aa308b71b914cd2f2
)
Array
(
    [m_payment_id] => 
    [pf_payment_id] => 2299477
    [payment_status] => COMPLETE
    [item_name] => Suspicion of wasteful resources
    [item_description] => Defense Resonse
    [amount_gross] => 240.00
    [amount_fee] => -5.52
    [amount_net] => 234.48
    [custom_str1] => 
    [custom_str2] => 
    [custom_str3] => 
    [custom_str4] => 
    [custom_str5] => 
    [custom_int1] => 
    [custom_int2] => 
    [custom_int3] => 
    [custom_int4] => 
    [custom_int5] => 
    [name_first] => Kondwani
    [name_last] => Tshuma
    [email_address] => ktSilver2001@outlook.com
    [merchant_id] => 10035315
    [signature] => 1aac62029729aecccfea267226ec9bd1
)
Array
(
    [m_payment_id] => 
    [pf_payment_id] => 2299489
    [payment_status] => COMPLETE
    [item_name] => Suspicion of wasteful resources
    [item_description] => Defense Resonse
    [amount_gross] => 240.00
    [amount_fee] => -5.52
    [amount_net] => 234.48
    [custom_str1] => 
    [custom_str2] => 
    [custom_str3] => 
    [custom_str4] => 
    [custom_str5] => 
    [custom_int1] => 
    [custom_int2] => 
    [custom_int3] => 
    [custom_int4] => 
    [custom_int5] => 
    [name_first] => Kondwani
    [name_last] => Tshuma
    [email_address] => ktSilver2001@outlook.com
    [merchant_id] => 10035315
    [signature] => fe0a4b0c1cdac9b008300af81badde1d
)
Array
(
    [m_payment_id] => 
    [pf_payment_id] => 2299504
    [payment_status] => COMPLETE
    [item_name] => Suspicion of wasteful resources
    [item_description] => Defense Resonse
    [amount_gross] => 240.00
    [amount_fee] => -5.52
    [amount_net] => 234.48
    [custom_str1] => 
    [custom_str2] => 
    [custom_str3] => 
    [custom_str4] => 
    [custom_str5] => 
    [custom_int1] => 
    [custom_int2] => 
    [custom_int3] => 
    [custom_int4] => 
    [custom_int5] => 
    [name_first] => Kondwani
    [name_last] => Tshuma
    [email_address] => ktSilver2001@outlook.com
    [merchant_id] => 10035315
    [signature] => a3b34fc75c6309577f5fbf9b50e453e8
)
Array
(
    [m_payment_id] => 
    [pf_payment_id] => 2299484
    [payment_status] => COMPLETE
    [item_name] => Suspicion of wasteful resources
    [item_description] => Defense Resonse
    [amount_gross] => 240.00
    [amount_fee] => -5.52
    [amount_net] => 234.48
    [custom_str1] => 
    [custom_str2] => 
    [custom_str3] => 
    [custom_str4] => 
    [custom_str5] => 
    [custom_int1] => 
    [custom_int2] => 
    [custom_int3] => 
    [custom_int4] => 
    [custom_int5] => 
    [name_first] => Kondwani
    [name_last] => Tshuma
    [email_address] => ktSilver2001@outlook.com
    [merchant_id] => 10035315
    [signature] => 366212a00a4ccb6d81d042a654d0c83a
)
Array
(
    [m_payment_id] => 
    [pf_payment_id] => 2299534
    [payment_status] => COMPLETE
    [item_name] => Suspicion of wasteful resources
    [item_description] => Defense Resonse
    [amount_gross] => 240.00
    [amount_fee] => -5.52
    [amount_net] => 234.48
    [custom_str1] => 
    [custom_str2] => 
    [custom_str3] => 
    [custom_str4] => 
    [custom_str5] => 
    [custom_int1] => 
    [custom_int2] => 
    [custom_int3] => 
    [custom_int4] => 
    [custom_int5] => 
    [name_first] => Kondwani
    [name_last] => Tshuma
    [email_address] => ktSilver2001@outlook.com
    [merchant_id] => 10035315
    [signature] => 12e784f50a3c41c8babb11735cecd1aa
)
Array
(
    [m_payment_id] => 
    [pf_payment_id] => 2299541
    [payment_status] => COMPLETE
    [item_name] => Suspicion of wasteful resources
    [item_description] => Defense Resonse
    [amount_gross] => 240.00
    [amount_fee] => -5.52
    [amount_net] => 234.48
    [custom_str1] => 
    [custom_str2] => 
    [custom_str3] => 
    [custom_str4] => 
    [custom_str5] => 
    [custom_int1] => 
    [custom_int2] => 
    [custom_int3] => 
    [custom_int4] => 
    [custom_int5] => 
    [name_first] => Kondwani
    [name_last] => Tshuma
    [email_address] => ktSilver2001@outlook.com
    [merchant_id] => 10035315
    [signature] => 9d05af3e2835b0ee4c3b13c5f814af32
)
Array
(
    [m_payment_id] => 
    [pf_payment_id] => 2299633
    [payment_status] => COMPLETE
    [item_name] => Suspicion of wasteful resources
    [item_description] => Defense Resonse
    [amount_gross] => 240.00
    [amount_fee] => -5.52
    [amount_net] => 234.48
    [custom_str1] => 
    [custom_str2] => 
    [custom_str3] => 
    [custom_str4] => 
    [custom_str5] => 
    [custom_int1] => 
    [custom_int2] => 
    [custom_int3] => 
    [custom_int4] => 
    [custom_int5] => 
    [name_first] => Kondwani
    [name_last] => Tshuma
    [email_address] => ktSilver2001@outlook.com
    [merchant_id] => 10035315
    [signature] => 68750ffaa0fd57ab4a2afbce61c12081
)
